<?xml version="1.0" encoding="UTF-8"?>
<testsuite xmlns:xsi="http://www.w3.org/2001/XMLSchema-instance" xsi:noNamespaceSchemaLocation="https://maven.apache.org/surefire/maven-surefire-plugin/xsd/surefire-test-report-3.0.xsd" version="3.0" name="com.example.demo.Springboot3demoApplicationTests" time="2.451" tests="1" errors="0" skipped="0" failures="0">
  <properties>
[...]
</properties>
  <testcase name="contextLoads" classname="com.example.demo.Springboot3demoApplicationTests" time="0.792">
    <system-out><![CDATA[11:03:43.456 [main] INFO org.springframework.test.context.support.AnnotationConfigContextLoaderUtils -- Could not detect default configuration classes for test class [com.example.demo.Springboot3demoApplicationTests]: Springboot3demoApplicationTests does not declare any static, non-private, non-final, nested classes annotated with @Configuration.
11:03:43.548 [main] INFO org.springframework.boot.test.context.SpringBootTestContextBootstrapper -- Found @SpringBootConfiguration com.example.demo.Springboot3demoApplication for test class com.example.demo.Springboot3demoApplicationTests
11:03:43.731 [main] INFO org.springframework.boot.devtools.restart.RestartApplicationListener -- Restart disabled due to context in which it is running

  .   ____          _            __ _ _
 /\\ / ___'_ __ _ _(_)_ __  __ _ \ \ \ \
( ( )\___ | '_ | '_| | '_ \/ _` | \ \ \ \
 \\/  ___)| |_)| | | | | || (_| |  ) ) ) )
  '  |____| .__|_| |_|_| |_\__, | / / / /
 =========|_|==============|___/=/_/_/_/
 :: Spring Boot ::                (v3.2.7)

2024-07-09T11:03:43.944+08:00  INFO 18596 --- [springboot3demo] [           main] c.e.d.Springboot3demoApplicationTests    : Starting Springboot3demoApplicationTests using Java 17.0.10 with PID 18596 (started by iSpan in C:\SpringBoot\workspace\springboot3demo)
2024-07-09T11:03:43.945+08:00  INFO 18596 --- [springboot3demo] [           main] c.e.d.Springboot3demoApplicationTests    : No active profile set, falling back to 1 default profile: "default"
2024-07-09T11:03:44.897+08:00  WARN 18596 --- [springboot3demo] [           main] ion$DefaultTemplateResolverConfiguration : Cannot find template location: classpath:/templates/ (please add some templates, check your Thymeleaf configuration, or set spring.thymeleaf.check-template-location=false)
2024-07-09T11:03:44.943+08:00  INFO 18596 --- [springboot3demo] [           main] c.e.d.Springboot3demoApplicationTests    : Started Springboot3demoApplicationTests in 1.223 seconds (process running for 2.24)
]]></system-out>
  </testcase>
</testsuite>